Copyright 1986-2018 Xilinx, Inc. All Rights Reserved.
--------------------------------------------------------------------------------------------------------------------------------------------------------------------------------------
| Tool Version : Vivado v.2018.3 (win64) Build 2405991 Thu Dec  6 23:38:27 MST 2018
| Date         : Tue Oct 26 13:02:51 2021
| Host         : DESKTOP-5G2FF1S running 64-bit major release  (build 9200)
| Command      : report_timing_summary -max_paths 10 -file lab72_timing_summary_routed.rpt -pb lab72_timing_summary_routed.pb -rpx lab72_timing_summary_routed.rpx -warn_on_violation
| Design       : lab72
| Device       : 7a35t-cpg236
| Speed File   : -1  PRODUCTION 1.23 2018-06-13
--------------------------------------------------------------------------------------------------------------------------------------------------------------------------------------

Timing Summary Report

------------------------------------------------------------------------------------------------
| Timer Settings
| --------------
------------------------------------------------------------------------------------------------

  Enable Multi Corner Analysis               :  Yes
  Enable Pessimism Removal                   :  Yes
  Pessimism Removal Resolution               :  Nearest Common Node
  Enable Input Delay Default Clock           :  No
  Enable Preset / Clear Arcs                 :  No
  Disable Flight Delays                      :  No
  Ignore I/O Paths                           :  No
  Timing Early Launch at Borrowing Latches   :  false

  Corner  Analyze    Analyze    
  Name    Max Paths  Min Paths  
  ------  ---------  ---------  
  Slow    Yes        Yes        
  Fast    Yes        Yes        



check_timing report

Table of Contents
-----------------
1. checking no_clock
2. checking constant_clock
3. checking pulse_width_clock
4. checking unconstrained_internal_endpoints
5. checking no_input_delay
6. checking no_output_delay
7. checking multiple_clock
8. checking generated_clocks
9. checking loops
10. checking partial_input_delay
11. checking partial_output_delay
12. checking latch_loops

1. checking no_clock
--------------------
 There are 0 register/latch pins with no clock.


2. checking constant_clock
--------------------------
 There are 0 register/latch pins with constant_clock.


3. checking pulse_width_clock
-----------------------------
 There are 0 register/latch pins which need pulse_width check


4. checking unconstrained_internal_endpoints
--------------------------------------------
 There are 0 pins that are not constrained for maximum delay.

 There are 0 pins that are not constrained for maximum delay due to constant clock.


5. checking no_input_delay
--------------------------
 There are 6 input ports with no input delay specified. (HIGH)

 There are 0 input ports with no input delay but user has a false path constraint.


6. checking no_output_delay
---------------------------
 There are 3 ports with no output delay specified. (HIGH)

 There are 0 ports with no output delay but user has a false path constraint

 There are 0 ports with no output delay but with a timing clock defined on it or propagating through it


7. checking multiple_clock
--------------------------
 There are 0 register/latch pins with multiple clocks.


8. checking generated_clocks
----------------------------
 There are 0 generated clocks that are not connected to a clock source.


9. checking loops
-----------------
 There are 0 combinational loops in the design.


10. checking partial_input_delay
--------------------------------
 There are 0 input ports with partial input delay specified.


11. checking partial_output_delay
---------------------------------
 There are 0 ports with partial output delay specified.


12. checking latch_loops
------------------------
 There are 0 combinational latch loops in the design through latch input



------------------------------------------------------------------------------------------------
| Design Timing Summary
| ---------------------
------------------------------------------------------------------------------------------------

    WNS(ns)      TNS(ns)  TNS Failing Endpoints  TNS Total Endpoints      WHS(ns)      THS(ns)  THS Failing Endpoints  THS Total Endpoints     WPWS(ns)     TPWS(ns)  TPWS Failing Endpoints  TPWS Total Endpoints  
    -------      -------  ---------------------  -------------------      -------      -------  ---------------------  -------------------     --------     --------  ----------------------  --------------------  
      8.725        0.000                      0                    3        0.267        0.000                      0                    3        3.750        0.000                       0                     7  


All user specified timing constraints are met.


------------------------------------------------------------------------------------------------
| Clock Summary
| -------------
------------------------------------------------------------------------------------------------

Clock        Waveform(ns)       Period(ns)      Frequency(MHz)
-----        ------------       ----------      --------------
sys_clk_pin  {0.000 5.000}      10.000          100.000         


------------------------------------------------------------------------------------------------
| Intra Clock Table
| -----------------
------------------------------------------------------------------------------------------------

Clock             WNS(ns)      TNS(ns)  TNS Failing Endpoints  TNS Total Endpoints      WHS(ns)      THS(ns)  THS Failing Endpoints  THS Total Endpoints     WPWS(ns)     TPWS(ns)  TPWS Failing Endpoints  TPWS Total Endpoints  
-----             -------      -------  ---------------------  -------------------      -------      -------  ---------------------  -------------------     --------     --------  ----------------------  --------------------  
sys_clk_pin         8.725        0.000                      0                    3        0.267        0.000                      0                    3        3.750        0.000                       0                     7  


------------------------------------------------------------------------------------------------
| Inter Clock Table
| -----------------
------------------------------------------------------------------------------------------------

From Clock    To Clock          WNS(ns)      TNS(ns)  TNS Failing Endpoints  TNS Total Endpoints      WHS(ns)      THS(ns)  THS Failing Endpoints  THS Total Endpoints  
----------    --------          -------      -------  ---------------------  -------------------      -------      -------  ---------------------  -------------------  


------------------------------------------------------------------------------------------------
| Other Path Groups Table
| -----------------------
------------------------------------------------------------------------------------------------

Path Group    From Clock    To Clock          WNS(ns)      TNS(ns)  TNS Failing Endpoints  TNS Total Endpoints      WHS(ns)      THS(ns)  THS Failing Endpoints  THS Total Endpoints  
----------    ----------    --------          -------      -------  ---------------------  -------------------      -------      -------  ---------------------  -------------------  


------------------------------------------------------------------------------------------------
| Timing Details
| --------------
------------------------------------------------------------------------------------------------


---------------------------------------------------------------------------------------------------
From Clock:  sys_clk_pin
  To Clock:  sys_clk_pin

Setup :            0  Failing Endpoints,  Worst Slack        8.725ns,  Total Violation        0.000ns
Hold  :            0  Failing Endpoints,  Worst Slack        0.267ns,  Total Violation        0.000ns
PW    :            0  Failing Endpoints,  Worst Slack        3.750ns,  Total Violation        0.000ns
---------------------------------------------------------------------------------------------------


Max Delay Paths
--------------------------------------------------------------------------------------
Slack (MET) :             8.725ns  (required time - arrival time)
  Source:                 SIG_MY_RAM_reg_0_3_0_0/SP/CLK
                            (rising edge-triggered cell RAMS32 clocked by sys_clk_pin  {rise@0.000ns fall@5.000ns period=10.000ns})
  Destination:            dout_reg[0]/D
                            (rising edge-triggered cell FDRE clocked by sys_clk_pin  {rise@0.000ns fall@5.000ns period=10.000ns})
  Path Group:             sys_clk_pin
  Path Type:              Setup (Max at Slow Process Corner)
  Requirement:            10.000ns  (sys_clk_pin rise@10.000ns - sys_clk_pin rise@0.000ns)
  Data Path Delay:        1.319ns  (logic 1.319ns (100.000%)  route 0.000ns (0.000%))
  Logic Levels:           0  
  Clock Path Skew:        0.000ns (DCD - SCD + CPR)
    Destination Clock Delay (DCD):    4.857ns = ( 14.857 - 10.000 ) 
    Source Clock Delay      (SCD):    5.156ns
    Clock Pessimism Removal (CPR):    0.299ns
  Clock Uncertainty:      0.035ns  ((TSJ^2 + TIJ^2)^1/2 + DJ) / 2 + PE
    Total System Jitter     (TSJ):    0.071ns
    Total Input Jitter      (TIJ):    0.000ns
    Discrete Jitter          (DJ):    0.000ns
    Phase Error              (PE):    0.000ns

    Location             Delay type                Incr(ns)  Path(ns)    Netlist Resource(s)
  -------------------------------------------------------------------    -------------------
                         (clock sys_clk_pin rise edge)
                                                      0.000     0.000 r  
    W5                                                0.000     0.000 r  clk (IN)
                         net (fo=0)                   0.000     0.000    clk
    W5                   IBUF (Prop_ibuf_I_O)         1.458     1.458 r  clk_IBUF_inst/O
                         net (fo=1, routed)           1.967     3.425    clk_IBUF
    BUFGCTRL_X0Y0        BUFG (Prop_bufg_I_O)         0.096     3.521 r  clk_IBUF_BUFG_inst/O
                         net (fo=6, routed)           1.635     5.156    SIG_MY_RAM_reg_0_3_0_0/WCLK
    SLICE_X2Y11          RAMS32                                       r  SIG_MY_RAM_reg_0_3_0_0/SP/CLK
  -------------------------------------------------------------------    -------------------
    SLICE_X2Y11          RAMS32 (Prop_rams32_CLK_O)
                                                      1.319     6.475 r  SIG_MY_RAM_reg_0_3_0_0/SP/O
                         net (fo=1, routed)           0.000     6.475    p_0_out[0]
    SLICE_X2Y11          FDRE                                         r  dout_reg[0]/D
  -------------------------------------------------------------------    -------------------

                         (clock sys_clk_pin rise edge)
                                                     10.000    10.000 r  
    W5                                                0.000    10.000 r  clk (IN)
                         net (fo=0)                   0.000    10.000    clk
    W5                   IBUF (Prop_ibuf_I_O)         1.388    11.388 r  clk_IBUF_inst/O
                         net (fo=1, routed)           1.862    13.250    clk_IBUF
    BUFGCTRL_X0Y0        BUFG (Prop_bufg_I_O)         0.091    13.341 r  clk_IBUF_BUFG_inst/O
                         net (fo=6, routed)           1.516    14.857    clk_IBUF_BUFG
    SLICE_X2Y11          FDRE                                         r  dout_reg[0]/C
                         clock pessimism              0.299    15.156    
                         clock uncertainty           -0.035    15.121    
    SLICE_X2Y11          FDRE (Setup_fdre_C_D)        0.079    15.200    dout_reg[0]
  -------------------------------------------------------------------
                         required time                         15.200    
                         arrival time                          -6.475    
  -------------------------------------------------------------------
                         slack                                  8.725    

Slack (MET) :             8.729ns  (required time - arrival time)
  Source:                 SIG_MY_RAM_reg_0_3_2_2/SP/CLK
                            (rising edge-triggered cell RAMS32 clocked by sys_clk_pin  {rise@0.000ns fall@5.000ns period=10.000ns})
  Destination:            dout_reg[2]/D
                            (rising edge-triggered cell FDRE clocked by sys_clk_pin  {rise@0.000ns fall@5.000ns period=10.000ns})
  Path Group:             sys_clk_pin
  Path Type:              Setup (Max at Slow Process Corner)
  Requirement:            10.000ns  (sys_clk_pin rise@10.000ns - sys_clk_pin rise@0.000ns)
  Data Path Delay:        1.317ns  (logic 1.317ns (100.000%)  route 0.000ns (0.000%))
  Logic Levels:           0  
  Clock Path Skew:        0.000ns (DCD - SCD + CPR)
    Destination Clock Delay (DCD):    4.857ns = ( 14.857 - 10.000 ) 
    Source Clock Delay      (SCD):    5.156ns
    Clock Pessimism Removal (CPR):    0.299ns
  Clock Uncertainty:      0.035ns  ((TSJ^2 + TIJ^2)^1/2 + DJ) / 2 + PE
    Total System Jitter     (TSJ):    0.071ns
    Total Input Jitter      (TIJ):    0.000ns
    Discrete Jitter          (DJ):    0.000ns
    Phase Error              (PE):    0.000ns

    Location             Delay type                Incr(ns)  Path(ns)    Netlist Resource(s)
  -------------------------------------------------------------------    -------------------
                         (clock sys_clk_pin rise edge)
                                                      0.000     0.000 r  
    W5                                                0.000     0.000 r  clk (IN)
                         net (fo=0)                   0.000     0.000    clk
    W5                   IBUF (Prop_ibuf_I_O)         1.458     1.458 r  clk_IBUF_inst/O
                         net (fo=1, routed)           1.967     3.425    clk_IBUF
    BUFGCTRL_X0Y0        BUFG (Prop_bufg_I_O)         0.096     3.521 r  clk_IBUF_BUFG_inst/O
                         net (fo=6, routed)           1.635     5.156    SIG_MY_RAM_reg_0_3_2_2/WCLK
    SLICE_X2Y11          RAMS32                                       r  SIG_MY_RAM_reg_0_3_2_2/SP/CLK
  -------------------------------------------------------------------    -------------------
    SLICE_X2Y11          RAMS32 (Prop_rams32_CLK_O)
                                                      1.317     6.473 r  SIG_MY_RAM_reg_0_3_2_2/SP/O
                         net (fo=1, routed)           0.000     6.473    p_0_out[2]
    SLICE_X2Y11          FDRE                                         r  dout_reg[2]/D
  -------------------------------------------------------------------    -------------------

                         (clock sys_clk_pin rise edge)
                                                     10.000    10.000 r  
    W5                                                0.000    10.000 r  clk (IN)
                         net (fo=0)                   0.000    10.000    clk
    W5                   IBUF (Prop_ibuf_I_O)         1.388    11.388 r  clk_IBUF_inst/O
                         net (fo=1, routed)           1.862    13.250    clk_IBUF
    BUFGCTRL_X0Y0        BUFG (Prop_bufg_I_O)         0.091    13.341 r  clk_IBUF_BUFG_inst/O
                         net (fo=6, routed)           1.516    14.857    clk_IBUF_BUFG
    SLICE_X2Y11          FDRE                                         r  dout_reg[2]/C
                         clock pessimism              0.299    15.156    
                         clock uncertainty           -0.035    15.121    
    SLICE_X2Y11          FDRE (Setup_fdre_C_D)        0.081    15.202    dout_reg[2]
  -------------------------------------------------------------------
                         required time                         15.202    
                         arrival time                          -6.473    
  -------------------------------------------------------------------
                         slack                                  8.729    

Slack (MET) :             8.733ns  (required time - arrival time)
  Source:                 SIG_MY_RAM_reg_0_3_1_1/SP/CLK
                            (rising edge-triggered cell RAMS32 clocked by sys_clk_pin  {rise@0.000ns fall@5.000ns period=10.000ns})
  Destination:            dout_reg[1]/D
                            (rising edge-triggered cell FDRE clocked by sys_clk_pin  {rise@0.000ns fall@5.000ns period=10.000ns})
  Path Group:             sys_clk_pin
  Path Type:              Setup (Max at Slow Process Corner)
  Requirement:            10.000ns  (sys_clk_pin rise@10.000ns - sys_clk_pin rise@0.000ns)
  Data Path Delay:        1.309ns  (logic 1.309ns (100.000%)  route 0.000ns (0.000%))
  Logic Levels:           0  
  Clock Path Skew:        0.000ns (DCD - SCD + CPR)
    Destination Clock Delay (DCD):    4.857ns = ( 14.857 - 10.000 ) 
    Source Clock Delay      (SCD):    5.156ns
    Clock Pessimism Removal (CPR):    0.299ns
  Clock Uncertainty:      0.035ns  ((TSJ^2 + TIJ^2)^1/2 + DJ) / 2 + PE
    Total System Jitter     (TSJ):    0.071ns
    Total Input Jitter      (TIJ):    0.000ns
    Discrete Jitter          (DJ):    0.000ns
    Phase Error              (PE):    0.000ns

    Location             Delay type                Incr(ns)  Path(ns)    Netlist Resource(s)
  -------------------------------------------------------------------    -------------------
                         (clock sys_clk_pin rise edge)
                                                      0.000     0.000 r  
    W5                                                0.000     0.000 r  clk (IN)
                         net (fo=0)                   0.000     0.000    clk
    W5                   IBUF (Prop_ibuf_I_O)         1.458     1.458 r  clk_IBUF_inst/O
                         net (fo=1, routed)           1.967     3.425    clk_IBUF
    BUFGCTRL_X0Y0        BUFG (Prop_bufg_I_O)         0.096     3.521 r  clk_IBUF_BUFG_inst/O
                         net (fo=6, routed)           1.635     5.156    SIG_MY_RAM_reg_0_3_1_1/WCLK
    SLICE_X2Y11          RAMS32                                       r  SIG_MY_RAM_reg_0_3_1_1/SP/CLK
  -------------------------------------------------------------------    -------------------
    SLICE_X2Y11          RAMS32 (Prop_rams32_CLK_O)
                                                      1.309     6.465 r  SIG_MY_RAM_reg_0_3_1_1/SP/O
                         net (fo=1, routed)           0.000     6.465    p_0_out[1]
    SLICE_X2Y11          FDRE                                         r  dout_reg[1]/D
  -------------------------------------------------------------------    -------------------

                         (clock sys_clk_pin rise edge)
                                                     10.000    10.000 r  
    W5                                                0.000    10.000 r  clk (IN)
                         net (fo=0)                   0.000    10.000    clk
    W5                   IBUF (Prop_ibuf_I_O)         1.388    11.388 r  clk_IBUF_inst/O
                         net (fo=1, routed)           1.862    13.250    clk_IBUF
    BUFGCTRL_X0Y0        BUFG (Prop_bufg_I_O)         0.091    13.341 r  clk_IBUF_BUFG_inst/O
                         net (fo=6, routed)           1.516    14.857    clk_IBUF_BUFG
    SLICE_X2Y11          FDRE                                         r  dout_reg[1]/C
                         clock pessimism              0.299    15.156    
                         clock uncertainty           -0.035    15.121    
    SLICE_X2Y11          FDRE (Setup_fdre_C_D)        0.077    15.198    dout_reg[1]
  -------------------------------------------------------------------
                         required time                         15.198    
                         arrival time                          -6.465    
  -------------------------------------------------------------------
                         slack                                  8.733    





Min Delay Paths
--------------------------------------------------------------------------------------
Slack (MET) :             0.267ns  (arrival time - required time)
  Source:                 SIG_MY_RAM_reg_0_3_2_2/SP/CLK
                            (rising edge-triggered cell RAMS32 clocked by sys_clk_pin  {rise@0.000ns fall@5.000ns period=10.000ns})
  Destination:            dout_reg[2]/D
                            (rising edge-triggered cell FDRE clocked by sys_clk_pin  {rise@0.000ns fall@5.000ns period=10.000ns})
  Path Group:             sys_clk_pin
  Path Type:              Hold (Min at Fast Process Corner)
  Requirement:            0.000ns  (sys_clk_pin rise@0.000ns - sys_clk_pin rise@0.000ns)
  Data Path Delay:        0.388ns  (logic 0.388ns (100.000%)  route 0.000ns (0.000%))
  Logic Levels:           0  
  Clock Path Skew:        0.000ns (DCD - SCD - CPR)
    Destination Clock Delay (DCD):    1.991ns
    Source Clock Delay      (SCD):    1.476ns
    Clock Pessimism Removal (CPR):    0.515ns

    Location             Delay type                Incr(ns)  Path(ns)    Netlist Resource(s)
  -------------------------------------------------------------------    -------------------
                         (clock sys_clk_pin rise edge)
                                                      0.000     0.000 r  
    W5                                                0.000     0.000 r  clk (IN)
                         net (fo=0)                   0.000     0.000    clk
    W5                   IBUF (Prop_ibuf_I_O)         0.226     0.226 r  clk_IBUF_inst/O
                         net (fo=1, routed)           0.631     0.858    clk_IBUF
    BUFGCTRL_X0Y0        BUFG (Prop_bufg_I_O)         0.026     0.884 r  clk_IBUF_BUFG_inst/O
                         net (fo=6, routed)           0.593     1.476    SIG_MY_RAM_reg_0_3_2_2/WCLK
    SLICE_X2Y11          RAMS32                                       r  SIG_MY_RAM_reg_0_3_2_2/SP/CLK
  -------------------------------------------------------------------    -------------------
    SLICE_X2Y11          RAMS32 (Prop_rams32_CLK_O)
                                                      0.388     1.864 r  SIG_MY_RAM_reg_0_3_2_2/SP/O
                         net (fo=1, routed)           0.000     1.864    p_0_out[2]
    SLICE_X2Y11          FDRE                                         r  dout_reg[2]/D
  -------------------------------------------------------------------    -------------------

                         (clock sys_clk_pin rise edge)
                                                      0.000     0.000 r  
    W5                                                0.000     0.000 r  clk (IN)
                         net (fo=0)                   0.000     0.000    clk
    W5                   IBUF (Prop_ibuf_I_O)         0.414     0.414 r  clk_IBUF_inst/O
                         net (fo=1, routed)           0.685     1.099    clk_IBUF
    BUFGCTRL_X0Y0        BUFG (Prop_bufg_I_O)         0.029     1.128 r  clk_IBUF_BUFG_inst/O
                         net (fo=6, routed)           0.864     1.991    clk_IBUF_BUFG
    SLICE_X2Y11          FDRE                                         r  dout_reg[2]/C
                         clock pessimism             -0.515     1.476    
    SLICE_X2Y11          FDRE (Hold_fdre_C_D)         0.121     1.597    dout_reg[2]
  -------------------------------------------------------------------
                         required time                         -1.597    
                         arrival time                           1.864    
  -------------------------------------------------------------------
                         slack                                  0.267    

Slack (MET) :             0.272ns  (arrival time - required time)
  Source:                 SIG_MY_RAM_reg_0_3_0_0/SP/CLK
                            (rising edge-triggered cell RAMS32 clocked by sys_clk_pin  {rise@0.000ns fall@5.000ns period=10.000ns})
  Destination:            dout_reg[0]/D
                            (rising edge-triggered cell FDRE clocked by sys_clk_pin  {rise@0.000ns fall@5.000ns period=10.000ns})
  Path Group:             sys_clk_pin
  Path Type:              Hold (Min at Fast Process Corner)
  Requirement:            0.000ns  (sys_clk_pin rise@0.000ns - sys_clk_pin rise@0.000ns)
  Data Path Delay:        0.393ns  (logic 0.393ns (100.000%)  route 0.000ns (0.000%))
  Logic Levels:           0  
  Clock Path Skew:        0.000ns (DCD - SCD - CPR)
    Destination Clock Delay (DCD):    1.991ns
    Source Clock Delay      (SCD):    1.476ns
    Clock Pessimism Removal (CPR):    0.515ns

    Location             Delay type                Incr(ns)  Path(ns)    Netlist Resource(s)
  -------------------------------------------------------------------    -------------------
                         (clock sys_clk_pin rise edge)
                                                      0.000     0.000 r  
    W5                                                0.000     0.000 r  clk (IN)
                         net (fo=0)                   0.000     0.000    clk
    W5                   IBUF (Prop_ibuf_I_O)         0.226     0.226 r  clk_IBUF_inst/O
                         net (fo=1, routed)           0.631     0.858    clk_IBUF
    BUFGCTRL_X0Y0        BUFG (Prop_bufg_I_O)         0.026     0.884 r  clk_IBUF_BUFG_inst/O
                         net (fo=6, routed)           0.593     1.476    SIG_MY_RAM_reg_0_3_0_0/WCLK
    SLICE_X2Y11          RAMS32                                       r  SIG_MY_RAM_reg_0_3_0_0/SP/CLK
  -------------------------------------------------------------------    -------------------
    SLICE_X2Y11          RAMS32 (Prop_rams32_CLK_O)
                                                      0.393     1.869 r  SIG_MY_RAM_reg_0_3_0_0/SP/O
                         net (fo=1, routed)           0.000     1.869    p_0_out[0]
    SLICE_X2Y11          FDRE                                         r  dout_reg[0]/D
  -------------------------------------------------------------------    -------------------

                         (clock sys_clk_pin rise edge)
                                                      0.000     0.000 r  
    W5                                                0.000     0.000 r  clk (IN)
                         net (fo=0)                   0.000     0.000    clk
    W5                   IBUF (Prop_ibuf_I_O)         0.414     0.414 r  clk_IBUF_inst/O
                         net (fo=1, routed)           0.685     1.099    clk_IBUF
    BUFGCTRL_X0Y0        BUFG (Prop_bufg_I_O)         0.029     1.128 r  clk_IBUF_BUFG_inst/O
                         net (fo=6, routed)           0.864     1.991    clk_IBUF_BUFG
    SLICE_X2Y11          FDRE                                         r  dout_reg[0]/C
                         clock pessimism             -0.515     1.476    
    SLICE_X2Y11          FDRE (Hold_fdre_C_D)         0.121     1.597    dout_reg[0]
  -------------------------------------------------------------------
                         required time                         -1.597    
                         arrival time                           1.869    
  -------------------------------------------------------------------
                         slack                                  0.272    

Slack (MET) :             0.358ns  (arrival time - required time)
  Source:                 SIG_MY_RAM_reg_0_3_1_1/SP/CLK
                            (rising edge-triggered cell RAMS32 clocked by sys_clk_pin  {rise@0.000ns fall@5.000ns period=10.000ns})
  Destination:            dout_reg[1]/D
                            (rising edge-triggered cell FDRE clocked by sys_clk_pin  {rise@0.000ns fall@5.000ns period=10.000ns})
  Path Group:             sys_clk_pin
  Path Type:              Hold (Min at Fast Process Corner)
  Requirement:            0.000ns  (sys_clk_pin rise@0.000ns - sys_clk_pin rise@0.000ns)
  Data Path Delay:        0.478ns  (logic 0.478ns (100.000%)  route 0.000ns (0.000%))
  Logic Levels:           0  
  Clock Path Skew:        0.000ns (DCD - SCD - CPR)
    Destination Clock Delay (DCD):    1.991ns
    Source Clock Delay      (SCD):    1.476ns
    Clock Pessimism Removal (CPR):    0.515ns

    Location             Delay type                Incr(ns)  Path(ns)    Netlist Resource(s)
  -------------------------------------------------------------------    -------------------
                         (clock sys_clk_pin rise edge)
                                                      0.000     0.000 r  
    W5                                                0.000     0.000 r  clk (IN)
                         net (fo=0)                   0.000     0.000    clk
    W5                   IBUF (Prop_ibuf_I_O)         0.226     0.226 r  clk_IBUF_inst/O
                         net (fo=1, routed)           0.631     0.858    clk_IBUF
    BUFGCTRL_X0Y0        BUFG (Prop_bufg_I_O)         0.026     0.884 r  clk_IBUF_BUFG_inst/O
                         net (fo=6, routed)           0.593     1.476    SIG_MY_RAM_reg_0_3_1_1/WCLK
    SLICE_X2Y11          RAMS32                                       r  SIG_MY_RAM_reg_0_3_1_1/SP/CLK
  -------------------------------------------------------------------    -------------------
    SLICE_X2Y11          RAMS32 (Prop_rams32_CLK_O)
                                                      0.478     1.954 r  SIG_MY_RAM_reg_0_3_1_1/SP/O
                         net (fo=1, routed)           0.000     1.954    p_0_out[1]
    SLICE_X2Y11          FDRE                                         r  dout_reg[1]/D
  -------------------------------------------------------------------    -------------------

                         (clock sys_clk_pin rise edge)
                                                      0.000     0.000 r  
    W5                                                0.000     0.000 r  clk (IN)
                         net (fo=0)                   0.000     0.000    clk
    W5                   IBUF (Prop_ibuf_I_O)         0.414     0.414 r  clk_IBUF_inst/O
                         net (fo=1, routed)           0.685     1.099    clk_IBUF
    BUFGCTRL_X0Y0        BUFG (Prop_bufg_I_O)         0.029     1.128 r  clk_IBUF_BUFG_inst/O
                         net (fo=6, routed)           0.864     1.991    clk_IBUF_BUFG
    SLICE_X2Y11          FDRE                                         r  dout_reg[1]/C
                         clock pessimism             -0.515     1.476    
    SLICE_X2Y11          FDRE (Hold_fdre_C_D)         0.120     1.596    dout_reg[1]
  -------------------------------------------------------------------
                         required time                         -1.596    
                         arrival time                           1.954    
  -------------------------------------------------------------------
                         slack                                  0.358    





Pulse Width Checks
--------------------------------------------------------------------------------------
Clock Name:         sys_clk_pin
Waveform(ns):       { 0.000 5.000 }
Period(ns):         10.000
Sources:            { clk }

Check Type        Corner  Lib Pin     Reference Pin  Required(ns)  Actual(ns)  Slack(ns)  Location       Pin
Min Period        n/a     BUFG/I      n/a            2.155         10.000      7.845      BUFGCTRL_X0Y0  clk_IBUF_BUFG_inst/I
Min Period        n/a     FDRE/C      n/a            1.000         10.000      9.000      SLICE_X2Y11    dout_reg[0]/C
Min Period        n/a     FDRE/C      n/a            1.000         10.000      9.000      SLICE_X2Y11    dout_reg[1]/C
Min Period        n/a     FDRE/C      n/a            1.000         10.000      9.000      SLICE_X2Y11    dout_reg[2]/C
Low Pulse Width   Fast    RAMS32/CLK  n/a            1.250         5.000       3.750      SLICE_X2Y11    SIG_MY_RAM_reg_0_3_0_0/SP/CLK
Low Pulse Width   Fast    RAMS32/CLK  n/a            1.250         5.000       3.750      SLICE_X2Y11    SIG_MY_RAM_reg_0_3_1_1/SP/CLK
Low Pulse Width   Fast    RAMS32/CLK  n/a            1.250         5.000       3.750      SLICE_X2Y11    SIG_MY_RAM_reg_0_3_2_2/SP/CLK
Low Pulse Width   Slow    RAMS32/CLK  n/a            1.250         5.000       3.750      SLICE_X2Y11    SIG_MY_RAM_reg_0_3_0_0/SP/CLK
Low Pulse Width   Slow    RAMS32/CLK  n/a            1.250         5.000       3.750      SLICE_X2Y11    SIG_MY_RAM_reg_0_3_1_1/SP/CLK
Low Pulse Width   Slow    RAMS32/CLK  n/a            1.250         5.000       3.750      SLICE_X2Y11    SIG_MY_RAM_reg_0_3_2_2/SP/CLK
Low Pulse Width   Fast    FDRE/C      n/a            0.500         5.000       4.500      SLICE_X2Y11    dout_reg[0]/C
Low Pulse Width   Fast    FDRE/C      n/a            0.500         5.000       4.500      SLICE_X2Y11    dout_reg[1]/C
Low Pulse Width   Fast    FDRE/C      n/a            0.500         5.000       4.500      SLICE_X2Y11    dout_reg[2]/C
Low Pulse Width   Slow    FDRE/C      n/a            0.500         5.000       4.500      SLICE_X2Y11    dout_reg[0]/C
High Pulse Width  Slow    RAMS32/CLK  n/a            1.250         5.000       3.750      SLICE_X2Y11    SIG_MY_RAM_reg_0_3_0_0/SP/CLK
High Pulse Width  Fast    RAMS32/CLK  n/a            1.250         5.000       3.750      SLICE_X2Y11    SIG_MY_RAM_reg_0_3_0_0/SP/CLK
High Pulse Width  Slow    RAMS32/CLK  n/a            1.250         5.000       3.750      SLICE_X2Y11    SIG_MY_RAM_reg_0_3_1_1/SP/CLK
High Pulse Width  Fast    RAMS32/CLK  n/a            1.250         5.000       3.750      SLICE_X2Y11    SIG_MY_RAM_reg_0_3_1_1/SP/CLK
High Pulse Width  Slow    RAMS32/CLK  n/a            1.250         5.000       3.750      SLICE_X2Y11    SIG_MY_RAM_reg_0_3_2_2/SP/CLK
High Pulse Width  Fast    RAMS32/CLK  n/a            1.250         5.000       3.750      SLICE_X2Y11    SIG_MY_RAM_reg_0_3_2_2/SP/CLK
High Pulse Width  Slow    FDRE/C      n/a            0.500         5.000       4.500      SLICE_X2Y11    dout_reg[0]/C
High Pulse Width  Fast    FDRE/C      n/a            0.500         5.000       4.500      SLICE_X2Y11    dout_reg[0]/C
High Pulse Width  Slow    FDRE/C      n/a            0.500         5.000       4.500      SLICE_X2Y11    dout_reg[1]/C
High Pulse Width  Fast    FDRE/C      n/a            0.500         5.000       4.500      SLICE_X2Y11    dout_reg[1]/C



